<?xml version="1.0" encoding="UTF-8"?>
<testsuite xmlns:xsi="http://www.w3.org/2001/XMLSchema-instance" xsi:noNamespaceSchemaLocation="https://maven.apache.org/surefire/maven-surefire-plugin/xsd/surefire-test-report-3.0.xsd" version="3.0" name="ISO2.Exe2.FareServiceTest" time="0.031" tests="95" errors="0" skipped="0" failures="0">
  <properties>
[...]
</properties>
  <testcase name="testDecision4_TFTTT_Null" classname="ISO2.Exe2.FareServiceTest" time="0.0"/>
  <testcase name="testMCDC5_BaseCase" classname="ISO2.Exe2.FareServiceTest" time="0.0"/>
  <testcase name="testMCDC4_D_Independent" classname="ISO2.Exe2.FareServiceTest" time="0.0"/>
  <testcase name="testDecision4_TTTTF_Null" classname="ISO2.Exe2.FareServiceTest" time="0.0"/>
  <testcase name="testEachUse_TC9_NoMatch" classname="ISO2.Exe2.FareServiceTest" time="0.0"/>
  <testcase name="testDecision5_TFTTT_Null" classname="ISO2.Exe2.FareServiceTest" time="0.0"/>
  <testcase name="testBoundary_isYoungAdult_Age18" classname="ISO2.Exe2.FareServiceTest" time="0.0"/>
  <testcase name="testBoundary_isYoungAdult_Age25" classname="ISO2.Exe2.FareServiceTest" time="0.0"/>
  <testcase name="testBoundary_isYoungAdult_Age26" classname="ISO2.Exe2.FareServiceTest" time="0.0"/>
  <testcase name="testBoundary_hasMiddleIncome_20000" classname="ISO2.Exe2.FareServiceTest" time="0.0"/>
  <testcase name="testBoundary_hasMiddleIncome_20001" classname="ISO2.Exe2.FareServiceTest" time="0.0"/>
  <testcase name="testBoundary_hasMiddleIncome_34999" classname="ISO2.Exe2.FareServiceTest" time="0.0"/>
  <testcase name="testBoundary_hasMiddleIncome_35000" classname="ISO2.Exe2.FareServiceTest" time="0.0"/>
  <testcase name="testDecision5_TTTTF_Null" classname="ISO2.Exe2.FareServiceTest" time="0.0"/>
  <testcase name="testMCDC4_BaseCase" classname="ISO2.Exe2.FareServiceTest" time="0.0"/>
  <testcase name="testMCDC4_C_Independent" classname="ISO2.Exe2.FareServiceTest" time="0.0"/>
  <testcase name="testEachUse_TC12_YoungWorker" classname="ISO2.Exe2.FareServiceTest" time="0.0"/>
  <testcase name="testMCDC1_B_Independent" classname="ISO2.Exe2.FareServiceTest" time="0.0"/>
  <testcase name="testMCDC3_BaseCase" classname="ISO2.Exe2.FareServiceTest" time="0.0"/>
  <testcase name="testDecision5_TTTTT_Asia" classname="ISO2.Exe2.FareServiceTest" time="0.0"/>
  <testcase name="testMCDC2_BaseCase" classname="ISO2.Exe2.FareServiceTest" time="0.0"/>
  <testcase name="testMCDC4_B_Independent" classname="ISO2.Exe2.FareServiceTest" time="0.0"/>
  <testcase name="testDecision2_TFTT_Null" classname="ISO2.Exe2.FareServiceTest" time="0.0"/>
  <testcase name="testMCDC1_A_Independent" classname="ISO2.Exe2.FareServiceTest" time="0.0"/>
  <testcase name="testBoundary_isRegularFlyer_2" classname="ISO2.Exe2.FareServiceTest" time="0.0"/>
  <testcase name="testBoundary_isRegularFlyer_3" classname="ISO2.Exe2.FareServiceTest" time="0.0"/>
  <testcase name="testEachUse_TC11_ZeroFlights" classname="ISO2.Exe2.FareServiceTest" time="0.0"/>
  <testcase name="testMCDC1_BaseCase" classname="ISO2.Exe2.FareServiceTest" time="0.0"/>
  <testcase name="testBoundary_isFrequentFlyer_5" classname="ISO2.Exe2.FareServiceTest" time="0.0"/>
  <testcase name="testBoundary_isFrequentFlyer_6" classname="ISO2.Exe2.FareServiceTest" time="0.0"/>
  <testcase name="testMCDC4_A_Independent" classname="ISO2.Exe2.FareServiceTest" time="0.0"/>
  <testcase name="testDecision4_TTTFT_Null" classname="ISO2.Exe2.FareServiceTest" time="0.0"/>
  <testcase name="testDecision5_TTTFT_Null" classname="ISO2.Exe2.FareServiceTest" time="0.0"/>
  <testcase name="testEachUse_TC5_DiscoverEurope" classname="ISO2.Exe2.FareServiceTest" time="0.0"/>
  <testcase name="testEachUse_TC6_DiscoverEuropeWithChildren" classname="ISO2.Exe2.FareServiceTest" time="0.0"/>
  <testcase name="testEachUse_TC7_DiscoverWorldAsia" classname="ISO2.Exe2.FareServiceTest" time="0.0"/>
  <testcase name="testMCDC5_E_Independent" classname="ISO2.Exe2.FareServiceTest" time="0.0"/>
  <testcase name="testDecision3_FTTT_Null" classname="ISO2.Exe2.FareServiceTest" time="0.0"/>
  <testcase name="testMCDC2_D_Independent" classname="ISO2.Exe2.FareServiceTest" time="0.0"/>
  <testcase name="testPartition_isBusinessClass" classname="ISO2.Exe2.FareServiceTest" time="0.0"/>
  <testcase name="testDecision3_TTTF_Null" classname="ISO2.Exe2.FareServiceTest" time="0.003"/>
  <testcase name="testDecision3_TTTT_WithoutParents" classname="ISO2.Exe2.FareServiceTest" time="0.0"/>
  <testcase name="testMCDC5_D_Independent" classname="ISO2.Exe2.FareServiceTest" time="0.002"/>
  <testcase name="testMCDC2_C_Independent" classname="ISO2.Exe2.FareServiceTest" time="0.0"/>
  <testcase name="testDecision3_TTTT_WithParents" classname="ISO2.Exe2.FareServiceTest" time="0.0"/>
  <testcase name="testEachUse_TC13_Flights11" classname="ISO2.Exe2.FareServiceTest" time="0.0"/>
  <testcase name="testDecision4_TTFTT_Null" classname="ISO2.Exe2.FareServiceTest" time="0.0"/>
  <testcase name="testMCDC5_C_Independent" classname="ISO2.Exe2.FareServiceTest" time="0.0"/>
  <testcase name="testBoundary_hasHighIncome_34999" classname="ISO2.Exe2.FareServiceTest" time="0.0"/>
  <testcase name="testBoundary_hasHighIncome_35000" classname="ISO2.Exe2.FareServiceTest" time="0.001"/>
  <testcase name="testBoundary_isMatureAdult_Age25" classname="ISO2.Exe2.FareServiceTest" time="0.0"/>
  <testcase name="testBoundary_isMatureAdult_Age26" classname="ISO2.Exe2.FareServiceTest" time="0.0"/>
  <testcase name="testMCDC2_B_Independent" classname="ISO2.Exe2.FareServiceTest" time="0.0"/>
  <testcase name="testDecision1_TF_Null" classname="ISO2.Exe2.FareServiceTest" time="0.001"/>
  <testcase name="testDecision5_TTFTT_Null" classname="ISO2.Exe2.FareServiceTest" time="0.0"/>
  <testcase name="testPartition_isLongHaulDestination" classname="ISO2.Exe2.FareServiceTest" time="0.0"/>
  <testcase name="testMCDC5_B_Independent" classname="ISO2.Exe2.FareServiceTest" time="0.0"/>
  <testcase name="testMCDC2_A_Independent" classname="ISO2.Exe2.FareServiceTest" time="0.0"/>
  <testcase name="testDecision3_TTFT_Null" classname="ISO2.Exe2.FareServiceTest" time="0.002"/>
  <testcase name="testEachUse_TC2_Gorrion" classname="ISO2.Exe2.FareServiceTest" time="0.0"/>
  <testcase name="testDecision2_TTTT_Gorrion" classname="ISO2.Exe2.FareServiceTest" time="0.0"/>
  <testcase name="testDecision1_FF_Null" classname="ISO2.Exe2.FareServiceTest" time="0.0"/>
  <testcase name="testMCDC5_A_Independent" classname="ISO2.Exe2.FareServiceTest" time="0.0"/>
  <testcase name="testDecision4_TTTTT_WithoutChildren" classname="ISO2.Exe2.FareServiceTest" time="0.0"/>
  <testcase name="testBoundary_isVeryFrequentFlyer_11" classname="ISO2.Exe2.FareServiceTest" time="0.002"/>
  <testcase name="testBoundary_isVeryFrequentFlyer_12" classname="ISO2.Exe2.FareServiceTest" time="0.0"/>
  <testcase name="testEachUse_TC3_TravelWhileYouCan" classname="ISO2.Exe2.FareServiceTest" time="0.0"/>
  <testcase name="testEachUse_TC8_DiscoverWorldAmericaWithChildren" classname="ISO2.Exe2.FareServiceTest" time="0.0"/>
  <testcase name="testDecision1_FT_Null" classname="ISO2.Exe2.FareServiceTest" time="0.0"/>
  <testcase name="testMCDC3_D_Independent" classname="ISO2.Exe2.FareServiceTest" time="0.0"/>
  <testcase name="testDecision2_FTTT_Null" classname="ISO2.Exe2.FareServiceTest" time="0.0"/>
  <testcase name="testEachUse_TC1_Pajarillo" classname="ISO2.Exe2.FareServiceTest" time="0.0"/>
  <testcase name="testMCDC3_C_Independent" classname="ISO2.Exe2.FareServiceTest" time="0.0"/>
  <testcase name="testDecision3_TFTT_Null" classname="ISO2.Exe2.FareServiceTest" time="0.001"/>
  <testcase name="testDecision2_TTTF_Null" classname="ISO2.Exe2.FareServiceTest" time="0.0"/>
  <testcase name="testDecision5_TTTTT_WithChildren" classname="ISO2.Exe2.FareServiceTest" time="0.001"/>
  <testcase name="testDecision4_FTTTT_Null" classname="ISO2.Exe2.FareServiceTest" time="0.0"/>
  <testcase name="testEachUse_TC4_DaringToLeaveNest" classname="ISO2.Exe2.FareServiceTest" time="0.0"/>
  <testcase name="testDecision5_FTTTT_Null" classname="ISO2.Exe2.FareServiceTest" time="0.0"/>
  <testcase name="testDecision1_TT_Pajarillo" classname="ISO2.Exe2.FareServiceTest" time="0.0"/>
  <testcase name="testMCDC3_B_Independent" classname="ISO2.Exe2.FareServiceTest" time="0.001"/>
  <testcase name="testDecision4_TTTTT_WithChildren" classname="ISO2.Exe2.FareServiceTest" time="0.0"/>
  <testcase name="testEachUse_TC16_Income35001" classname="ISO2.Exe2.FareServiceTest" time="0.001"/>
  <testcase name="testEachUse_TC10_AgeZero" classname="ISO2.Exe2.FareServiceTest" time="0.0"/>
  <testcase name="testMCDC3_A_Independent" classname="ISO2.Exe2.FareServiceTest" time="0.0"/>
  <testcase name="testPartition_isEuropeDestination" classname="ISO2.Exe2.FareServiceTest" time="0.0"/>
  <testcase name="testEachUse_TC17_DestinationOther" classname="ISO2.Exe2.FareServiceTest" time="0.002"/>
  <testcase name="testEachUse_TC15_Income19999" classname="ISO2.Exe2.FareServiceTest" time="0.0"/>
  <testcase name="testDecision5_TTTTT_America" classname="ISO2.Exe2.FareServiceTest" time="0.0"/>
  <testcase name="testDecision2_TTFT_Null" classname="ISO2.Exe2.FareServiceTest" time="0.0"/>
  <testcase name="testMCDC4_E_Independent" classname="ISO2.Exe2.FareServiceTest" time="0.001"/>
  <testcase name="testPartition_isEconomyClass" classname="ISO2.Exe2.FareServiceTest" time="0.0"/>
  <testcase name="testEachUse_TC14_Flights13" classname="ISO2.Exe2.FareServiceTest" time="0.0"/>
  <testcase name="testBoundary_isMinor_Age17" classname="ISO2.Exe2.FareServiceTest" time="0.0"/>
  <testcase name="testBoundary_isMinor_Age18" classname="ISO2.Exe2.FareServiceTest" time="0.0"/>
</testsuite>