<?xml version="1.0" encoding="UTF-8"?>
<testsuite xmlns:xsi="http://www.w3.org/2001/XMLSchema-instance" xsi:noNamespaceSchemaLocation="https://maven.apache.org/surefire/maven-surefire-plugin/xsd/surefire-test-report-3.0.xsd" version="3.0" name="ISO2.Exe2.AppTest" time="0.149" tests="25" errors="0" skipped="0" failures="0">
  <properties>
[...]
</properties>
  <testcase name="testApp_DiscoverWorld" classname="ISO2.Exe2.AppTest" time="0.043"/>
  <testcase name="testApp_LowercaseClassInput" classname="ISO2.Exe2.AppTest" time="0.0"/>
  <testcase name="testApp_DiscoverEurope" classname="ISO2.Exe2.AppTest" time="0.0"/>
  <testcase name="testApp_MixedCaseInput" classname="ISO2.Exe2.AppTest" time="0.0"/>
  <testcase name="testApp_NegativeAgeError" classname="ISO2.Exe2.AppTest" time="0.0"/>
  <testcase name="testApp_DiscoverEuropeWithChildren" classname="ISO2.Exe2.AppTest" time="0.0"/>
  <testcase name="testApp_NegativeFlightsError" classname="ISO2.Exe2.AppTest" time="0.0"/>
  <testcase name="testApp_NoMatchHighIncomeOtherRegion" classname="ISO2.Exe2.AppTest" time="0.0"/>
  <testcase name="testApp_NegativeIncomeError" classname="ISO2.Exe2.AppTest" time="0.0"/>
  <testcase name="testApp_InvalidDestinationRegion" classname="ISO2.Exe2.AppTest" time="0.0"/>
  <testcase name="testApp_Gorrion" classname="ISO2.Exe2.AppTest" time="0.0"/>
  <testcase name="testApp_FlightsBoundary3" classname="ISO2.Exe2.AppTest" time="0.0"/>
  <testcase name="testApp_FlightsBoundary6" classname="ISO2.Exe2.AppTest" time="0.002"/>
  <testcase name="testApp_DaringToLeaveTheNest" classname="ISO2.Exe2.AppTest" time="0.001"/>
  <testcase name="testApp_Pajarillo" classname="ISO2.Exe2.AppTest" time="0.001"/>
  <testcase name="testApp_InvalidCabinClass" classname="ISO2.Exe2.AppTest" time="0.001"/>
  <testcase name="testApp_NoSpecialOffer" classname="ISO2.Exe2.AppTest" time="0.0"/>
  <testcase name="testApp_IncomeBoundary20001" classname="ISO2.Exe2.AppTest" time="0.0"/>
  <testcase name="testApp_IncomeBoundary35000" classname="ISO2.Exe2.AppTest" time="0.001"/>
  <testcase name="testApp_AgeBoundary18" classname="ISO2.Exe2.AppTest" time="0.001"/>
  <testcase name="testApp_AgeBoundary25" classname="ISO2.Exe2.AppTest" time="0.001"/>
  <testcase name="testApp_AgeBoundary26" classname="ISO2.Exe2.AppTest" time="0.0"/>
  <testcase name="testApp_FlightsBoundary12" classname="ISO2.Exe2.AppTest" time="0.001"/>
  <testcase name="testApp_TravelWhileYouCan" classname="ISO2.Exe2.AppTest" time="0.001"/>
  <testcase name="testApp_DiscoverWorldWithChildren" classname="ISO2.Exe2.AppTest" time="0.001"/>
</testsuite>