<?xml version="1.0" encoding="UTF-8"?>
<testsuite xmlns:xsi="http://www.w3.org/2001/XMLSchema-instance" xsi:noNamespaceSchemaLocation="https://maven.apache.org/surefire/maven-surefire-plugin/xsd/surefire-test-report-3.0.xsd" version="3.0" name="ISO2.Exe2.AppTest" time="0.125" tests="102" errors="0" skipped="0" failures="0">
  <properties>
[...]
</properties>
  <testcase name="testHM01_isMinor_True_Age10" classname="ISO2.Exe2.AppTest" time="0.006"/>
  <testcase name="testHM01_isMinor_True_Age17" classname="ISO2.Exe2.AppTest" time="0.0"/>
  <testcase name="testApp_Main_DiscoverEurope_Fare" classname="ISO2.Exe2.AppTest" time="0.014"/>
  <testcase name="testHM08_hasHighIncome_True_Income35000" classname="ISO2.Exe2.AppTest" time="0.0"/>
  <testcase name="testBVT07_Income_MiddleIncome_UpperBound_34999" classname="ISO2.Exe2.AppTest" time="0.0"/>
  <testcase name="testBVT03_Age_MatureAdult_HighValue_100" classname="ISO2.Exe2.AppTest" time="0.0"/>
  <testcase name="testApp_Main_NegativeIncome_Error" classname="ISO2.Exe2.AppTest" time="0.001"/>
  <testcase name="testHM10_isBusinessClass_False" classname="ISO2.Exe2.AppTest" time="0.0"/>
  <testcase name="testBVT04_Flights_RegularFlyer_JustBelow_2" classname="ISO2.Exe2.AppTest" time="0.001"/>
  <testcase name="testBVT03_Age_MatureAdult_JustBelow_25" classname="ISO2.Exe2.AppTest" time="0.0"/>
  <testcase name="testApp_Main_DiscoverWorld_Fare" classname="ISO2.Exe2.AppTest" time="0.0"/>
  <testcase name="testApp_Main_DaringToLeaveNest_Fare" classname="ISO2.Exe2.AppTest" time="0.0"/>
  <testcase name="testHM07_hasMiddleIncome_True_Income20001" classname="ISO2.Exe2.AppTest" time="0.0"/>
  <testcase name="testHM07_hasMiddleIncome_True_Income30000" classname="ISO2.Exe2.AppTest" time="0.001"/>
  <testcase name="testHM07_hasMiddleIncome_True_Income34999" classname="ISO2.Exe2.AppTest" time="0.0"/>
  <testcase name="testApp_Main_InvalidCabinClass_Error" classname="ISO2.Exe2.AppTest" time="0.0"/>
  <testcase name="testHM05_isFrequentFlyer_True_Flights20" classname="ISO2.Exe2.AppTest" time="0.0"/>
  <testcase name="testApp_Main_InvalidRegion_Error" classname="ISO2.Exe2.AppTest" time="0.001"/>
  <testcase name="testHM09_isEconomyClass_True" classname="ISO2.Exe2.AppTest" time="0.0"/>
  <testcase name="testApp_Main_TravelWhileYouCan_Fare" classname="ISO2.Exe2.AppTest" time="0.0"/>
  <testcase name="testHM02_isYoungAdult_False_Age17" classname="ISO2.Exe2.AppTest" time="0.001"/>
  <testcase name="testHM02_isYoungAdult_False_Age26" classname="ISO2.Exe2.AppTest" time="0.0"/>
  <testcase name="testIntegration_NoMatchingFare_AllConditionsFalse" classname="ISO2.Exe2.AppTest" time="0.0"/>
  <testcase name="testBVT06_Flights_VeryFrequentFlyer_JustBelow_11" classname="ISO2.Exe2.AppTest" time="0.0"/>
  <testcase name="testBVT08_Income_HighIncome_HighValue_100000" classname="ISO2.Exe2.AppTest" time="0.0"/>
  <testcase name="testHM11_isEuropeDestination_True" classname="ISO2.Exe2.AppTest" time="0.001"/>
  <testcase name="testHM01_isMinor_True_Age0" classname="ISO2.Exe2.AppTest" time="0.0"/>
  <testcase name="testHM05_isFrequentFlyer_False_Flights5" classname="ISO2.Exe2.AppTest" time="0.001"/>
  <testcase name="testBVT09_FareTransition_Age18_Gorrion" classname="ISO2.Exe2.AppTest" time="0.0"/>
  <testcase name="testBVT02_Age_YoungAdult_UpperBound_25" classname="ISO2.Exe2.AppTest" time="0.0"/>
  <testcase name="testHM04_isRegularFlyer_True_Flights10" classname="ISO2.Exe2.AppTest" time="0.0"/>
  <testcase name="testApp_Main_LowercaseInput" classname="ISO2.Exe2.AppTest" time="0.0"/>
  <testcase name="testBVT09_FareTransition_Age17_Pajarillo" classname="ISO2.Exe2.AppTest" time="0.0"/>
  <testcase name="testHM05_isFrequentFlyer_True_Flights6" classname="ISO2.Exe2.AppTest" time="0.0"/>
  <testcase name="testApp_Main_DiscoverEuropeWithChildren_Fare" classname="ISO2.Exe2.AppTest" time="0.002"/>
  <testcase name="testBVT06_Flights_VeryFrequentFlyer_LowerBound_12" classname="ISO2.Exe2.AppTest" time="0.0"/>
  <testcase name="testApp_Main_NegativeAge_Error" classname="ISO2.Exe2.AppTest" time="0.0"/>
  <testcase name="testBVT07_Income_MiddleIncome_AtLowerBound_20000" classname="ISO2.Exe2.AppTest" time="0.0"/>
  <testcase name="testApp_Main_NoOffer" classname="ISO2.Exe2.AppTest" time="0.001"/>
  <testcase name="testBVT10_FareTransition_Age26_DiscoverEurope" classname="ISO2.Exe2.AppTest" time="0.0"/>
  <testcase name="testHM04_isRegularFlyer_False_Flights0" classname="ISO2.Exe2.AppTest" time="0.0"/>
  <testcase name="testHM04_isRegularFlyer_False_Flights2" classname="ISO2.Exe2.AppTest" time="0.0"/>
  <testcase name="testHM12_isLongHaulDestination_False_Other" classname="ISO2.Exe2.AppTest" time="0.0"/>
  <testcase name="testBVT05_Flights_FrequentFlyer_HighValue" classname="ISO2.Exe2.AppTest" time="0.0"/>
  <testcase name="testHM07_hasMiddleIncome_False_Income0" classname="ISO2.Exe2.AppTest" time="0.001"/>
  <testcase name="testIntegration_Independent_DaringToLeaveNest" classname="ISO2.Exe2.AppTest" time="0.0"/>
  <testcase name="testApp_Main_Gorrion_Fare" classname="ISO2.Exe2.AppTest" time="0.0"/>
  <testcase name="testBVT07_Income_MiddleIncome_AtUpperBound_35000" classname="ISO2.Exe2.AppTest" time="0.0"/>
  <testcase name="testHM12_isLongHaulDestination_False_Europe" classname="ISO2.Exe2.AppTest" time="0.001"/>
  <testcase name="testBVT01_Age_Negative" classname="ISO2.Exe2.AppTest" time="0.0"/>
  <testcase name="testHM11_isEuropeDestination_False_America" classname="ISO2.Exe2.AppTest" time="0.0"/>
  <testcase name="testHM03_isMatureAdult_True_Age26" classname="ISO2.Exe2.AppTest" time="0.0"/>
  <testcase name="testHM03_isMatureAdult_True_Age50" classname="ISO2.Exe2.AppTest" time="0.001"/>
  <testcase name="testBVT04_Flights_RegularFlyer_LowerBound_3" classname="ISO2.Exe2.AppTest" time="0.0"/>
  <testcase name="testHM06_isVeryFrequentFlyer_True_Flights12" classname="ISO2.Exe2.AppTest" time="0.0"/>
  <testcase name="testHM06_isVeryFrequentFlyer_True_Flights50" classname="ISO2.Exe2.AppTest" time="0.0"/>
  <testcase name="testHM11_isEuropeDestination_False_Asia" classname="ISO2.Exe2.AppTest" time="0.0"/>
  <testcase name="testIntegration_PriorityOrder_PajarilloFirst" classname="ISO2.Exe2.AppTest" time="0.001"/>
  <testcase name="testBVT03_Age_MatureAdult_LowerBound_26" classname="ISO2.Exe2.AppTest" time="0.0"/>
  <testcase name="testHM11_isEuropeDestination_False_Other" classname="ISO2.Exe2.AppTest" time="0.0"/>
  <testcase name="testBVT01_Age_Minor_LowerBound_0" classname="ISO2.Exe2.AppTest" time="0.0"/>
  <testcase name="testBVT11_FlightThreshold_11to12_VeryFrequentFlyer" classname="ISO2.Exe2.AppTest" time="0.0"/>
  <testcase name="testHM06_isVeryFrequentFlyer_False_Flights11" classname="ISO2.Exe2.AppTest" time="0.0"/>
  <testcase name="testHM03_isMatureAdult_False_Age25" classname="ISO2.Exe2.AppTest" time="0.0"/>
  <testcase name="testBVT12_IncomeThreshold_34999to35000_MiddleToHigh" classname="ISO2.Exe2.AppTest" time="0.0"/>
  <testcase name="testApp_Main_Pajarillo_Fare" classname="ISO2.Exe2.AppTest" time="0.001"/>
  <testcase name="testBVT01_Age_Minor_JustAbove_18" classname="ISO2.Exe2.AppTest" time="0.0"/>
  <testcase name="testBVT04_Flights_RegularFlyer_Zero" classname="ISO2.Exe2.AppTest" time="0.0"/>
  <testcase name="testApp_Main_DiscoverWorldWithChildren_Fare" classname="ISO2.Exe2.AppTest" time="0.0"/>
  <testcase name="testHM09_isEconomyClass_False" classname="ISO2.Exe2.AppTest" time="0.0"/>
  <testcase name="testBVT07_Income_MiddleIncome_Middle_27500" classname="ISO2.Exe2.AppTest" time="0.0"/>
  <testcase name="testApp_Main_NegativeFlights_Error" classname="ISO2.Exe2.AppTest" time="0.0"/>
  <testcase name="testBVT02_Age_YoungAdult_JustAbove_26" classname="ISO2.Exe2.AppTest" time="0.001"/>
  <testcase name="testBVT11_FlightThreshold_2to3_RegularFlyer" classname="ISO2.Exe2.AppTest" time="0.0"/>
  <testcase name="testHM12_isLongHaulDestination_True_Asia" classname="ISO2.Exe2.AppTest" time="0.0"/>
  <testcase name="testBVT01_Age_Minor_UpperBound_17" classname="ISO2.Exe2.AppTest" time="0.0"/>
  <testcase name="testBVT02_Age_YoungAdult_JustBelow_17" classname="ISO2.Exe2.AppTest" time="0.0"/>
  <testcase name="testHM01_isMinor_False_Age18" classname="ISO2.Exe2.AppTest" time="0.0"/>
  <testcase name="testHM01_isMinor_False_Age30" classname="ISO2.Exe2.AppTest" time="0.0"/>
  <testcase name="testIntegration_ChildrenVariant_DiscoverWorld" classname="ISO2.Exe2.AppTest" time="0.0"/>
  <testcase name="testHM04_isRegularFlyer_True_Flights3" classname="ISO2.Exe2.AppTest" time="0.001"/>
  <testcase name="testHM08_hasHighIncome_False_Income34999" classname="ISO2.Exe2.AppTest" time="0.0"/>
  <testcase name="testBVT11_FlightThreshold_5to6_FrequentFlyer" classname="ISO2.Exe2.AppTest" time="0.0"/>
  <testcase name="testHM02_isYoungAdult_True_Age18" classname="ISO2.Exe2.AppTest" time="0.0"/>
  <testcase name="testHM02_isYoungAdult_True_Age21" classname="ISO2.Exe2.AppTest" time="0.0"/>
  <testcase name="testHM02_isYoungAdult_True_Age25" classname="ISO2.Exe2.AppTest" time="0.0"/>
  <testcase name="testHM07_hasMiddleIncome_False_Income20000" classname="ISO2.Exe2.AppTest" time="0.0"/>
  <testcase name="testHM07_hasMiddleIncome_False_Income35000" classname="ISO2.Exe2.AppTest" time="0.0"/>
  <testcase name="testHM07_hasMiddleIncome_False_Income50000" classname="ISO2.Exe2.AppTest" time="0.0"/>
  <testcase name="testBVT05_Flights_FrequentFlyer_LowerBound_6" classname="ISO2.Exe2.AppTest" time="0.0"/>
  <testcase name="testIntegration_ChildrenVariant_DiscoverEurope" classname="ISO2.Exe2.AppTest" time="0.0"/>
  <testcase name="testBVT05_Flights_FrequentFlyer_JustBelow_5" classname="ISO2.Exe2.AppTest" time="0.0"/>
  <testcase name="testHM10_isBusinessClass_True" classname="ISO2.Exe2.AppTest" time="0.0"/>
  <testcase name="testBVT12_IncomeThreshold_20000to20001_MiddleIncome" classname="ISO2.Exe2.AppTest" time="0.0"/>
  <testcase name="testBVT08_Income_HighIncome_LowerBound_35000" classname="ISO2.Exe2.AppTest" time="0.001"/>
  <testcase name="testBVT07_Income_MiddleIncome_LowerBound_20001" classname="ISO2.Exe2.AppTest" time="0.0"/>
  <testcase name="testHM12_isLongHaulDestination_True_America" classname="ISO2.Exe2.AppTest" time="0.0"/>
  <testcase name="testHM08_hasHighIncome_True_Income100000" classname="ISO2.Exe2.AppTest" time="0.0"/>
  <testcase name="testBVT10_FareTransition_Age25_YoungTraveler" classname="ISO2.Exe2.AppTest" time="0.0"/>
  <testcase name="testIntegration_LivesWithParents_TravelWhileYouCan" classname="ISO2.Exe2.AppTest" time="0.0"/>
  <testcase name="testBVT08_Income_HighIncome_JustBelow_34999" classname="ISO2.Exe2.AppTest" time="0.0"/>
  <testcase name="testBVT02_Age_YoungAdult_LowerBound_18" classname="ISO2.Exe2.AppTest" time="0.0"/>
</testsuite>